Linked: (/home/jarne/Documents/catkin_ws/devel/.private/four_wheel_steering_msgs/lib/python3/dist-packages/four_wheel_steering_msgs/__init__.py, /home/jarne/Documents/catkin_ws/devel/lib/python3/dist-packages/four_wheel_steering_msgs/__init__.py)
Linked: (/home/jarne/Documents/catkin_ws/devel/.private/four_wheel_steering_msgs/lib/python3/dist-packages/four_wheel_steering_msgs/msg/__init__.py, /home/jarne/Documents/catkin_ws/devel/lib/python3/dist-packages/four_wheel_steering_msgs/msg/__init__.py)
Linked: (/home/jarne/Documents/catkin_ws/devel/.private/four_wheel_steering_msgs/lib/python3/dist-packages/four_wheel_steering_msgs/msg/_FourWheelSteeringStamped.py, /home/jarne/Documents/catkin_ws/devel/lib/python3/dist-packages/four_wheel_steering_msgs/msg/_FourWheelSteeringStamped.py)
Linked: (/home/jarne/Documents/catkin_ws/devel/.private/four_wheel_steering_msgs/lib/python3/dist-packages/four_wheel_steering_msgs/msg/_FourWheelSteering.py, /home/jarne/Documents/catkin_ws/devel/lib/python3/dist-packages/four_wheel_steering_msgs/msg/_FourWheelSteering.py)
Linked: (/home/jarne/Documents/catkin_ws/devel/.private/four_wheel_steering_msgs/lib/pkgconfig/four_wheel_steering_msgs.pc, /home/jarne/Documents/catkin_ws/devel/lib/pkgconfig/four_wheel_steering_msgs.pc)
Linked: (/home/jarne/Documents/catkin_ws/devel/.private/four_wheel_steering_msgs/include/four_wheel_steering_msgs/FourWheelSteeringStamped.h, /home/jarne/Documents/catkin_ws/devel/include/four_wheel_steering_msgs/FourWheelSteeringStamped.h)
Linked: (/home/jarne/Documents/catkin_ws/devel/.private/four_wheel_steering_msgs/include/four_wheel_steering_msgs/FourWheelSteering.h, /home/jarne/Documents/catkin_ws/devel/include/four_wheel_steering_msgs/FourWheelSteering.h)
Linked: (/home/jarne/Documents/catkin_ws/devel/.private/four_wheel_steering_msgs/share/gennodejs/ros/four_wheel_steering_msgs/_index.js, /home/jarne/Documents/catkin_ws/devel/share/gennodejs/ros/four_wheel_steering_msgs/_index.js)
Linked: (/home/jarne/Documents/catkin_ws/devel/.private/four_wheel_steering_msgs/share/gennodejs/ros/four_wheel_steering_msgs/msg/_index.js, /home/jarne/Documents/catkin_ws/devel/share/gennodejs/ros/four_wheel_steering_msgs/msg/_index.js)
Linked: (/home/jarne/Documents/catkin_ws/devel/.private/four_wheel_steering_msgs/share/gennodejs/ros/four_wheel_steering_msgs/msg/FourWheelSteering.js, /home/jarne/Documents/catkin_ws/devel/share/gennodejs/ros/four_wheel_steering_msgs/msg/FourWheelSteering.js)
Linked: (/home/jarne/Documents/catkin_ws/devel/.private/four_wheel_steering_msgs/share/gennodejs/ros/four_wheel_steering_msgs/msg/FourWheelSteeringStamped.js, /home/jarne/Documents/catkin_ws/devel/share/gennodejs/ros/four_wheel_steering_msgs/msg/FourWheelSteeringStamped.js)
Linked: (/home/jarne/Documents/catkin_ws/devel/.private/four_wheel_steering_msgs/share/roseus/ros/four_wheel_steering_msgs/manifest.l, /home/jarne/Documents/catkin_ws/devel/share/roseus/ros/four_wheel_steering_msgs/manifest.l)
Linked: (/home/jarne/Documents/catkin_ws/devel/.private/four_wheel_steering_msgs/share/roseus/ros/four_wheel_steering_msgs/msg/FourWheelSteering.l, /home/jarne/Documents/catkin_ws/devel/share/roseus/ros/four_wheel_steering_msgs/msg/FourWheelSteering.l)
Linked: (/home/jarne/Documents/catkin_ws/devel/.private/four_wheel_steering_msgs/share/roseus/ros/four_wheel_steering_msgs/msg/FourWheelSteeringStamped.l, /home/jarne/Documents/catkin_ws/devel/share/roseus/ros/four_wheel_steering_msgs/msg/FourWheelSteeringStamped.l)
Linked: (/home/jarne/Documents/catkin_ws/devel/.private/four_wheel_steering_msgs/share/four_wheel_steering_msgs/cmake/four_wheel_steering_msgsConfig.cmake, /home/jarne/Documents/catkin_ws/devel/share/four_wheel_steering_msgs/cmake/four_wheel_steering_msgsConfig.cmake)
Linked: (/home/jarne/Documents/catkin_ws/devel/.private/four_wheel_steering_msgs/share/four_wheel_steering_msgs/cmake/four_wheel_steering_msgs-msg-extras.cmake, /home/jarne/Documents/catkin_ws/devel/share/four_wheel_steering_msgs/cmake/four_wheel_steering_msgs-msg-extras.cmake)
Linked: (/home/jarne/Documents/catkin_ws/devel/.private/four_wheel_steering_msgs/share/four_wheel_steering_msgs/cmake/four_wheel_steering_msgsConfig-version.cmake, /home/jarne/Documents/catkin_ws/devel/share/four_wheel_steering_msgs/cmake/four_wheel_steering_msgsConfig-version.cmake)
Linked: (/home/jarne/Documents/catkin_ws/devel/.private/four_wheel_steering_msgs/share/four_wheel_steering_msgs/cmake/four_wheel_steering_msgs-msg-paths.cmake, /home/jarne/Documents/catkin_ws/devel/share/four_wheel_steering_msgs/cmake/four_wheel_steering_msgs-msg-paths.cmake)
Linked: (/home/jarne/Documents/catkin_ws/devel/.private/four_wheel_steering_msgs/share/common-lisp/ros/four_wheel_steering_msgs/msg/FourWheelSteering.lisp, /home/jarne/Documents/catkin_ws/devel/share/common-lisp/ros/four_wheel_steering_msgs/msg/FourWheelSteering.lisp)
Linked: (/home/jarne/Documents/catkin_ws/devel/.private/four_wheel_steering_msgs/share/common-lisp/ros/four_wheel_steering_msgs/msg/_package.lisp, /home/jarne/Documents/catkin_ws/devel/share/common-lisp/ros/four_wheel_steering_msgs/msg/_package.lisp)
Linked: (/home/jarne/Documents/catkin_ws/devel/.private/four_wheel_steering_msgs/share/common-lisp/ros/four_wheel_steering_msgs/msg/four_wheel_steering_msgs-msg.asd, /home/jarne/Documents/catkin_ws/devel/share/common-lisp/ros/four_wheel_steering_msgs/msg/four_wheel_steering_msgs-msg.asd)
Linked: (/home/jarne/Documents/catkin_ws/devel/.private/four_wheel_steering_msgs/share/common-lisp/ros/four_wheel_steering_msgs/msg/_package_FourWheelSteeringStamped.lisp, /home/jarne/Documents/catkin_ws/devel/share/common-lisp/ros/four_wheel_steering_msgs/msg/_package_FourWheelSteeringStamped.lisp)
Linked: (/home/jarne/Documents/catkin_ws/devel/.private/four_wheel_steering_msgs/share/common-lisp/ros/four_wheel_steering_msgs/msg/_package_FourWheelSteering.lisp, /home/jarne/Documents/catkin_ws/devel/share/common-lisp/ros/four_wheel_steering_msgs/msg/_package_FourWheelSteering.lisp)
Linked: (/home/jarne/Documents/catkin_ws/devel/.private/four_wheel_steering_msgs/share/common-lisp/ros/four_wheel_steering_msgs/msg/FourWheelSteeringStamped.lisp, /home/jarne/Documents/catkin_ws/devel/share/common-lisp/ros/four_wheel_steering_msgs/msg/FourWheelSteeringStamped.lisp)
