[35m[1mScanning dependencies of target std_msgs_generate_messages_cpp[0m
[35m[1mScanning dependencies of target _limo_base_generate_messages_check_deps_LimoStatus[0m
[35m[1mScanning dependencies of target std_msgs_generate_messages_nodejs[0m
[35m[1mScanning dependencies of target std_msgs_generate_messages_py[0m
[35m[1mScanning dependencies of target std_msgs_generate_messages_eus[0m
[35m[1mScanning dependencies of target std_msgs_generate_messages_lisp[0m
[  0%] Built target std_msgs_generate_messages_nodejs
[  0%] Built target std_msgs_generate_messages_cpp
[  0%] Built target std_msgs_generate_messages_py
[  0%] Built target std_msgs_generate_messages_eus
[  0%] Built target std_msgs_generate_messages_lisp
[  0%] Built target _limo_base_generate_messages_check_deps_LimoStatus
[35m[1mScanning dependencies of target limo_base_generate_messages_eus[0m
[35m[1mScanning dependencies of target limo_base_generate_messages_nodejs[0m
[35m[1mScanning dependencies of target limo_base_generate_messages_lisp[0m
[35m[1mScanning dependencies of target limo_base_generate_messages_cpp[0m
[35m[1mScanning dependencies of target limo_base_generate_messages_py[0m
[ 18%] [34m[1mGenerating Python from MSG limo_base/LimoStatus[0m
[ 18%] [34m[1mGenerating Lisp code from limo_base/LimoStatus.msg[0m
[ 27%] [34m[1mGenerating EusLisp manifest code for limo_base[0m
[ 36%] [34m[1mGenerating EusLisp code from limo_base/LimoStatus.msg[0m
[ 45%] [34m[1mGenerating C++ code from limo_base/LimoStatus.msg[0m
[ 54%] [34m[1mGenerating Javascript code from limo_base/LimoStatus.msg[0m
[ 54%] Built target limo_base_generate_messages_lisp
[ 54%] Built target limo_base_generate_messages_nodejs
[ 54%] Built target limo_base_generate_messages_cpp
[35m[1mScanning dependencies of target limo_base_node[0m
[ 63%] [32mBuilding CXX object CMakeFiles/limo_base_node.dir/src/limo_driver.cpp.o[0m
[ 72%] [32mBuilding CXX object CMakeFiles/limo_base_node.dir/src/serial_port.cpp.o[0m
[ 81%] [32mBuilding CXX object CMakeFiles/limo_base_node.dir/src/limo_base_node.cpp.o[0m
[ 90%] [34m[1mGenerating Python msg __init__.py for limo_base[0m
[ 90%] Built target limo_base_generate_messages_eus
[ 90%] Built target limo_base_generate_messages_py
[35m[1mScanning dependencies of target limo_base_generate_messages[0m
[ 90%] Built target limo_base_generate_messages
[100%] [32m[1mLinking CXX executable /home/jarne/Documents/catkin_ws/devel/.private/limo_base/lib/limo_base/limo_base_node[0m
[100%] Built target limo_base_node
